<?xml version="1.0" encoding="UTF-8"?>
<testsuite name="PrimeCalculatorTest" tests="5" skipped="0" failures="0" errors="0" timestamp="2024-04-18T18:45:13" hostname="SVPKC" time="1.199">
  <properties/>
  <testcase name="testUndefinedPrime()" classname="PrimeCalculatorTest" time="0.083"/>
  <testcase name="testSixthPrime()" classname="PrimeCalculatorTest" time="0.006"/>
  <testcase name="testFirstPrime()" classname="PrimeCalculatorTest" time="0.002"/>
  <testcase name="testSecondPrime()" classname="PrimeCalculatorTest" time="0.002"/>
  <testcase name="testBigPrime()" classname="PrimeCalculatorTest" time="1.096"/>
  <system-out><![CDATA[]]></system-out>
  <system-err><![CDATA[]]></system-err>
</testsuite>
