<?xml version="1.0" encoding="UTF-8"?>
<testsuite name="ErrorHandlingTest" tests="11" skipped="10" failures="0" errors="0" timestamp="2024-04-18T16:44:03" hostname="SVPKC" time="0.115">
  <properties/>
  <testcase name="testThrowIllegalArgumentExceptionWithDetailMessage()" classname="ErrorHandlingTest" time="0.001">
    <skipped/>
  </testcase>
  <testcase name="testReturnOptionalInstance()" classname="ErrorHandlingTest" time="0.0">
    <skipped/>
  </testcase>
  <testcase name="testThrowCustomUncheckedException()" classname="ErrorHandlingTest" time="0.001">
    <skipped/>
  </testcase>
  <testcase name="testThrowCustomCheckedExceptionWithDetailMessage()" classname="ErrorHandlingTest" time="0.0">
    <skipped/>
  </testcase>
  <testcase name="testThrowCustomUncheckedExceptionWithDetailMessage()" classname="ErrorHandlingTest" time="0.0">
    <skipped/>
  </testcase>
  <testcase name="testThrowIllegalArgumentException()" classname="ErrorHandlingTest" time="0.089"/>
  <testcase name="testThrowAnyUncheckedException()" classname="ErrorHandlingTest" time="0.001">
    <skipped/>
  </testcase>
  <testcase name="testThrowAnyCheckedExceptionWithDetailMessage()" classname="ErrorHandlingTest" time="0.0">
    <skipped/>
  </testcase>
  <testcase name="testThrowAnyCheckedException()" classname="ErrorHandlingTest" time="0.0">
    <skipped/>
  </testcase>
  <testcase name="testThrowAnyUncheckedExceptionWithDetailMessage()" classname="ErrorHandlingTest" time="0.0">
    <skipped/>
  </testcase>
  <testcase name="testThrowCustomCheckedException()" classname="ErrorHandlingTest" time="0.0">
    <skipped/>
  </testcase>
  <system-out><![CDATA[]]></system-out>
  <system-err><![CDATA[]]></system-err>
</testsuite>
