<?xml version="1.0" encoding="UTF-8"?>
<testsuite name="ResistorColorTest" tests="4" skipped="0" failures="0" errors="0" timestamp="2024-04-18T10:09:58" hostname="SVPKC" time="0.106">
  <properties/>
  <testcase name="testWhiteColorCode()" classname="ResistorColorTest" time="0.076"/>
  <testcase name="testColors()" classname="ResistorColorTest" time="0.019"/>
  <testcase name="testBlackColorCode()" classname="ResistorColorTest" time="0.001"/>
  <testcase name="testOrangeColorCode()" classname="ResistorColorTest" time="0.002"/>
  <system-out><![CDATA[]]></system-out>
  <system-err><![CDATA[]]></system-err>
</testsuite>
